<?xml version="1.0" encoding="UTF-8"?>
<testng-results ignored="0" total="1" passed="1" failed="0" skipped="0">
  <reporter-output>
  </reporter-output>
  <suite started-at="2021-01-03T06:46:31Z" name="Suite1" finished-at="2021-01-03T06:46:54Z" duration-ms="22506">
    <groups>
      <group name="cucumber">
        <method signature="AbstractTestNGCucumberTests.feature(cucumber.api.testng.CucumberFeatureWrapper)[pri:0, instance:com.uk.zoopla.runner.ZooplaRunnerClass@5143c662]" name="feature" class="cucumber.api.testng.AbstractTestNGCucumberTests"/>
      </group> <!-- cucumber -->
    </groups>
    <test started-at="2021-01-03T06:46:31Z" name="Nopackage" finished-at="2021-01-03T06:46:54Z" duration-ms="22506">
      <class name="com.uk.zoopla.runner.ZooplaRunnerClass">
        <test-method is-config="true" signature="setUpClass()[pri:0, instance:com.uk.zoopla.runner.ZooplaRunnerClass@5143c662]" started-at="2021-01-03T06:46:31Z" name="setUpClass" finished-at="2021-01-03T06:46:31Z" duration-ms="296" status="PASS">
          <reporter-output>
          </reporter-output>
        </test-method> <!-- setUpClass -->
        <test-method signature="feature(cucumber.api.testng.CucumberFeatureWrapper)[pri:0, instance:com.uk.zoopla.runner.ZooplaRunnerClass@5143c662]" started-at="2021-01-03T06:46:32Z" name="feature" description="Runs Cucumber Feature" data-provider="features" finished-at="2021-01-03T06:46:54Z" duration-ms="22050" status="PASS">
          <params>
            <param index="0">
              <value>
                <![CDATA[users can buy & sell the property on Zoopla]]>
              </value>
            </param>
          </params>
          <reporter-output>
          </reporter-output>
        </test-method> <!-- feature -->
        <test-method is-config="true" signature="tearDownClass()[pri:0, instance:com.uk.zoopla.runner.ZooplaRunnerClass@5143c662]" started-at="2021-01-03T06:46:54Z" name="tearDownClass" finished-at="2021-01-03T06:46:54Z" duration-ms="28" status="PASS">
          <reporter-output>
          </reporter-output>
        </test-method> <!-- tearDownClass -->
      </class> <!-- com.uk.zoopla.runner.ZooplaRunnerClass -->
    </test> <!-- Nopackage -->
  </suite> <!-- Suite1 -->
</testng-results>
